hello test!
[==========] Running 25 tests from 1 test suite.
[----------] Global test environment set-up.
[----------] 25 tests from TradeApiTest
[ RUN      ] TradeApiTest.Order_CFFEX_Limit
TradeFront connected!
Auth Success!
Login Failed
MyCtpApi deConstruction!
[       OK ] TradeApiTest.Order_CFFEX_Limit (4108 ms)
[ RUN      ] TradeApiTest.Order_CFFEX_Market
TradeFront connected!
Auth Success!
Login Failed
MyCtpApi deConstruction!
[       OK ] TradeApiTest.Order_CFFEX_Market (4109 ms)
[ RUN      ] TradeApiTest.Order_CFFEX_LimitToMarket
TradeFront connected!
Auth Success!
Login Failed
MyCtpApi deConstruction!
[       OK ] TradeApiTest.Order_CFFEX_LimitToMarket (4109 ms)
[ RUN      ] TradeApiTest.Order_CFFEX_FAK
TradeFront connected!
Auth Success!
Login Failed
MyCtpApi deConstruction!
[       OK ] TradeApiTest.Order_CFFEX_FAK (4108 ms)
[ RUN      ] TradeApiTest.Order_CFFEX_FOK
TradeFront connected!
Auth Success!
Login Failed
MyCtpApi deConstruction!
[       OK ] TradeApiTest.Order_CFFEX_FOK (4108 ms)
[ RUN      ] TradeApiTest.Order_SHFE_Limit
TradeFront connected!
Auth Success!
Login Failed
MyCtpApi deConstruction!
[       OK ] TradeApiTest.Order_SHFE_Limit (4107 ms)
[ RUN      ] TradeApiTest.Order_SHFE_Market
TradeFront connected!
Auth Success!
Login Failed
MyCtpApi deConstruction!
[       OK ] TradeApiTest.Order_SHFE_Market (4108 ms)
[ RUN      ] TradeApiTest.Order_SHFE_LimitToMarket
TradeFront connected!
Auth Success!
Login Failed
MyCtpApi deConstruction!
[       OK ] TradeApiTest.Order_SHFE_LimitToMarket (4107 ms)
[ RUN      ] TradeApiTest.Order_SHFE_FAK
TradeFront connected!
Auth Success!
Login Failed
MyCtpApi deConstruction!
[       OK ] TradeApiTest.Order_SHFE_FAK (4108 ms)
[ RUN      ] TradeApiTest.Order_SHFE_FOK
TradeFront connected!
Auth Success!
Login Failed
MyCtpApi deConstruction!
[       OK ] TradeApiTest.Order_SHFE_FOK (4108 ms)
[ RUN      ] TradeApiTest.Order_DCE_Limit
TradeFront connected!
Auth Success!
Login Failed
MyCtpApi deConstruction!
[       OK ] TradeApiTest.Order_DCE_Limit (4107 ms)
[ RUN      ] TradeApiTest.Order_DCE_Market
TradeFront connected!
Auth Success!
Login Failed
MyCtpApi deConstruction!
[       OK ] TradeApiTest.Order_DCE_Market (4108 ms)
[ RUN      ] TradeApiTest.Order_DCE_LimitToMarket
TradeFront connected!
Auth Success!
Login Failed
MyCtpApi deConstruction!
[       OK ] TradeApiTest.Order_DCE_LimitToMarket (4108 ms)
[ RUN      ] TradeApiTest.Order_DCE_FAK
TradeFront connected!
Auth Success!
Login Failed
MyCtpApi deConstruction!
[       OK ] TradeApiTest.Order_DCE_FAK (4108 ms)
[ RUN      ] TradeApiTest.Order_DCE_FOK
TradeFront connected!
Auth Success!
Login Failed
MyCtpApi deConstruction!
[       OK ] TradeApiTest.Order_DCE_FOK (4107 ms)
[ RUN      ] TradeApiTest.Order_ZCE_Limit
TradeFront connected!
Auth Success!
Login Failed
MyCtpApi deConstruction!
[       OK ] TradeApiTest.Order_ZCE_Limit (4108 ms)
[ RUN      ] TradeApiTest.Order_ZCE_Market
/home/felixlee/workspace/CTP_API_DEMO/test/test_suit.h:37: Failure
Expected equality of these values:
  p_api->GetConnectStatus()
    Which is: false
  true
please connect front fisrt!
/home/felixlee/workspace/CTP_API_DEMO/test/test_suit.h:40: Failure
Expected equality of these values:
  p_api->GetAuthStatus()
    Which is: false
  true
please auth fisrt!
/home/felixlee/workspace/CTP_API_DEMO/test/test_suit.h:43: Failure
Expected equality of these values:
  p_api->GetLoginStatus()
    Which is: false
  true
please login fisrt!
CThostFtdcUserApiImplBase::OnSessionDisconnected[0x7f6ef4023468][1625358353][ 4097]
TradeFront disconnected!
TradeFront connected!
MyCtpApi deConstruction!
[  FAILED  ] TradeApiTest.Order_ZCE_Market (4102 ms)
[ RUN      ] TradeApiTest.Order_ZCE_LimitToMarket
TradeFront connected!
Auth Success!
Login Failed
MyCtpApi deConstruction!
[       OK ] TradeApiTest.Order_ZCE_LimitToMarket (4111 ms)
[ RUN      ] TradeApiTest.Order_ZCE_FAK
TradeFront connected!
Auth Success!
Login Failed
MyCtpApi deConstruction!
[       OK ] TradeApiTest.Order_ZCE_FAK (4108 ms)
[ RUN      ] TradeApiTest.Order_ZCE_FOK
TradeFront connected!
Auth Success!
Login Failed
MyCtpApi deConstruction!
[       OK ] TradeApiTest.Order_ZCE_FOK (4109 ms)
[ RUN      ] TradeApiTest.Order_INE_Limit
TradeFront connected!
Auth Success!
Login Failed
MyCtpApi deConstruction!
[       OK ] TradeApiTest.Order_INE_Limit (4109 ms)
[ RUN      ] TradeApiTest.Order_INE_Market
TradeFront connected!
Auth Success!
Login Failed
MyCtpApi deConstruction!
[       OK ] TradeApiTest.Order_INE_Market (4111 ms)
[ RUN      ] TradeApiTest.Order_INE_LimitToMarket
TradeFront connected!
Auth Success!
Login Failed
MyCtpApi deConstruction!
[       OK ] TradeApiTest.Order_INE_LimitToMarket (4108 ms)
[ RUN      ] TradeApiTest.Order_INE_FAK
TradeFront connected!
Auth Success!
Login Failed
MyCtpApi deConstruction!
[       OK ] TradeApiTest.Order_INE_FAK (4107 ms)
[ RUN      ] TradeApiTest.Order_INE_FOK
TradeFront connected!
Auth Success!
Login Failed
MyCtpApi deConstruction!
[       OK ] TradeApiTest.Order_INE_FOK (4107 ms)
[----------] 25 tests from TradeApiTest (102702 ms total)

[----------] Global test environment tear-down
[==========] 25 tests from 1 test suite ran. (102702 ms total)
[  PASSED  ] 24 tests.
[  FAILED  ] 1 test, listed below:
[  FAILED  ] TradeApiTest.Order_ZCE_Market

 1 FAILED TEST
